c:\users\sucti\onedrive\desktop\vs\golddigger\golddigger\debug\vc143.pdb
c:\users\sucti\onedrive\desktop\vs\golddigger\golddigger\debug\vc143.idb
c:\users\sucti\onedrive\desktop\vs\golddigger\golddigger\debug\main.obj
c:\users\sucti\onedrive\desktop\vs\golddigger\golddigger\debug\blockinfo.obj
c:\users\xavier\onedrive\documents\cegep\session 3\prog 2d-3d\tp1\golddigger\golddigger\debug\vc143.pdb
c:\users\xavier\onedrive\documents\cegep\session 3\prog 2d-3d\tp1\golddigger\golddigger\debug\vc143.idb
c:\users\xavier\onedrive\documents\cegep\session 3\prog 2d-3d\tp1\golddigger\golddigger\debug\main.obj
c:\users\xavier\onedrive\documents\cegep\session 3\prog 2d-3d\tp1\golddigger\golddigger\debug\blockinfo.obj
c:\users\sucti\onedrive\desktop\vs\golddigger\golddigger\debug\blockarray3d.obj
c:\users\sucti\onedrive\desktop\vs\golddigger\debug\golddigger.pdb
c:\users\sucti\onedrive\desktop\vs\golddigger\golddigger\debug\golddigger.tlog\cl.command.1.tlog
c:\users\sucti\onedrive\desktop\vs\golddigger\golddigger\debug\golddigger.tlog\cl.read.1.tlog
c:\users\sucti\onedrive\desktop\vs\golddigger\golddigger\debug\golddigger.tlog\cl.write.1.tlog
c:\users\sucti\onedrive\desktop\vs\golddigger\golddigger\debug\golddigger.tlog\link-cvtres.read.1.tlog
c:\users\sucti\onedrive\desktop\vs\golddigger\golddigger\debug\golddigger.tlog\link-cvtres.write.1.tlog
c:\users\sucti\onedrive\desktop\vs\golddigger\golddigger\debug\golddigger.tlog\link-rc.read.1.tlog
c:\users\sucti\onedrive\desktop\vs\golddigger\golddigger\debug\golddigger.tlog\link-rc.write.1.tlog
c:\users\sucti\onedrive\desktop\vs\golddigger\golddigger\debug\golddigger.tlog\link.18408-cvtres.read.1.tlog
c:\users\sucti\onedrive\desktop\vs\golddigger\golddigger\debug\golddigger.tlog\link.18408-cvtres.write.1.tlog
c:\users\sucti\onedrive\desktop\vs\golddigger\golddigger\debug\golddigger.tlog\link.18408-rc.read.1.tlog
c:\users\sucti\onedrive\desktop\vs\golddigger\golddigger\debug\golddigger.tlog\link.18408-rc.write.1.tlog
c:\users\sucti\onedrive\desktop\vs\golddigger\golddigger\debug\golddigger.tlog\link.18408.read.1.tlog
c:\users\sucti\onedrive\desktop\vs\golddigger\golddigger\debug\golddigger.tlog\link.18408.write.1.tlog
c:\users\sucti\onedrive\desktop\vs\golddigger\golddigger\debug\golddigger.tlog\link.command.1.tlog
c:\users\sucti\onedrive\desktop\vs\golddigger\golddigger\debug\golddigger.tlog\link.read.1.tlog
c:\users\sucti\onedrive\desktop\vs\golddigger\golddigger\debug\golddigger.tlog\link.write.1.tlog
